<?xml version="1.0" encoding="UTF-8"?>
<!-- Generated by org.testng.reporters.JUnitXMLReporter -->
<testsuite hostname="LAPTOP-E5A8AHQ4" failures="9" tests="12" name="Parallel Tests" time="57.76" errors="0" timestamp="3 Aug 2021 23:52:42 GMT">
  <testcase classname="Screening.Ensek.BuyOilTest" name="buyEnergyTest" time="0.107">
    <failure type="java.lang.AssertionError" message="Enter valid quantity">
      <![CDATA[java.lang.AssertionError: Enter valid quantity
	at Screening.Ensek.BuyOilTest.buyEnergyTest(BuyOilTest.java:57)
	at java.base/java.util.concurrent.ThreadPoolExecutor.runWorker(ThreadPoolExecutor.java:1130)
	at java.base/java.util.concurrent.ThreadPoolExecutor$Worker.run(ThreadPoolExecutor.java:630)
	at java.base/java.lang.Thread.run(Thread.java:832)
... Removed 11 stack frames]]>
    </failure>
  </testcase> <!-- buyEnergyTest -->
  <testcase classname="Screening.Ensek.BuyElectricityTest" name="buyEnergyTest" time="3.777"/>
  <testcase classname="Screening.Ensek.BuyElectricityTest" name="buyEnergyTest" time="0.076">
    <failure type="java.lang.AssertionError" message="Enter valid quantity">
      <![CDATA[java.lang.AssertionError: Enter valid quantity
	at Screening.Ensek.BuyElectricityTest.buyEnergyTest(BuyElectricityTest.java:61)
	at java.base/java.util.concurrent.ThreadPoolExecutor.runWorker(ThreadPoolExecutor.java:1130)
	at java.base/java.util.concurrent.ThreadPoolExecutor$Worker.run(ThreadPoolExecutor.java:630)
	at java.base/java.lang.Thread.run(Thread.java:832)
... Removed 11 stack frames]]>
    </failure>
  </testcase> <!-- buyEnergyTest -->
  <testcase classname="Screening.Ensek.BuyGasTest" name="buyEnergyTest" time="4.054"/>
  <testcase classname="Screening.Ensek.BuyGasTest" name="buyEnergyTest" time="0.152">
    <failure type="java.lang.AssertionError" message="Enter valid quantity">
      <![CDATA[java.lang.AssertionError: Enter valid quantity
	at Screening.Ensek.BuyGasTest.buyEnergyTest(BuyGasTest.java:60)
	at java.base/java.util.concurrent.ThreadPoolExecutor.runWorker(ThreadPoolExecutor.java:1130)
	at java.base/java.util.concurrent.ThreadPoolExecutor$Worker.run(ThreadPoolExecutor.java:630)
	at java.base/java.lang.Thread.run(Thread.java:832)
... Removed 11 stack frames]]>
    </failure>
  </testcase> <!-- buyEnergyTest -->
  <testcase classname="Screening.Ensek.BuyOilTest" name="buyEnergyTest" time="2.817"/>
  <testcase classname="Screening.Ensek.BuyOilTest" name="buyEnergyTest" time="0.506">
    <failure type="java.lang.AssertionError" message="Enter valid quantity">
      <![CDATA[java.lang.AssertionError: Enter valid quantity
	at Screening.Ensek.BuyOilTest.buyEnergyTest(BuyOilTest.java:57)
	at java.base/java.util.concurrent.ThreadPoolExecutor.runWorker(ThreadPoolExecutor.java:1130)
	at java.base/java.util.concurrent.ThreadPoolExecutor$Worker.run(ThreadPoolExecutor.java:630)
	at java.base/java.lang.Thread.run(Thread.java:832)
... Removed 11 stack frames]]>
    </failure>
  </testcase> <!-- buyEnergyTest -->
  <testcase classname="Screening.Ensek.BuyElectricityTest" name="buyEnergyTest" time="0.667">
    <failure type="java.lang.AssertionError" message="Enter valid quantity">
      <![CDATA[java.lang.AssertionError: Enter valid quantity
	at Screening.Ensek.BuyElectricityTest.buyEnergyTest(BuyElectricityTest.java:61)
	at java.base/java.util.concurrent.ThreadPoolExecutor.runWorker(ThreadPoolExecutor.java:1130)
	at java.base/java.util.concurrent.ThreadPoolExecutor$Worker.run(ThreadPoolExecutor.java:630)
	at java.base/java.lang.Thread.run(Thread.java:832)
... Removed 11 stack frames]]>
    </failure>
  </testcase> <!-- buyEnergyTest -->
  <testcase classname="Screening.Ensek.BuyGasTest" name="buyEnergyTest" time="0.153">
    <failure type="java.lang.AssertionError" message="Enter valid quantity">
      <![CDATA[java.lang.AssertionError: Enter valid quantity
	at Screening.Ensek.BuyGasTest.buyEnergyTest(BuyGasTest.java:60)
	at java.base/java.util.concurrent.ThreadPoolExecutor.runWorker(ThreadPoolExecutor.java:1130)
	at java.base/java.util.concurrent.ThreadPoolExecutor$Worker.run(ThreadPoolExecutor.java:630)
	at java.base/java.lang.Thread.run(Thread.java:832)
... Removed 11 stack frames]]>
    </failure>
  </testcase> <!-- buyEnergyTest -->
  <testcase classname="Screening.Ensek.BuyOilTest" name="buyEnergyTest" time="0.221">
    <failure type="java.lang.AssertionError" message="Enter valid quantity">
      <![CDATA[java.lang.AssertionError: Enter valid quantity
	at Screening.Ensek.BuyOilTest.buyEnergyTest(BuyOilTest.java:57)
	at java.base/java.util.concurrent.ThreadPoolExecutor.runWorker(ThreadPoolExecutor.java:1130)
	at java.base/java.util.concurrent.ThreadPoolExecutor$Worker.run(ThreadPoolExecutor.java:630)
	at java.base/java.lang.Thread.run(Thread.java:832)
... Removed 11 stack frames]]>
    </failure>
  </testcase> <!-- buyEnergyTest -->
  <testcase classname="Screening.Ensek.BuyElectricityTest" name="buyEnergyTest" time="0.417">
    <failure type="java.lang.AssertionError" message="Enter valid quantity">
      <![CDATA[java.lang.AssertionError: Enter valid quantity
	at Screening.Ensek.BuyElectricityTest.buyEnergyTest(BuyElectricityTest.java:61)
	at java.base/java.util.concurrent.ThreadPoolExecutor.runWorker(ThreadPoolExecutor.java:1130)
	at java.base/java.util.concurrent.ThreadPoolExecutor$Worker.run(ThreadPoolExecutor.java:630)
	at java.base/java.lang.Thread.run(Thread.java:832)
... Removed 11 stack frames]]>
    </failure>
  </testcase> <!-- buyEnergyTest -->
  <testcase classname="Screening.Ensek.BuyGasTest" name="buyEnergyTest" time="0.043">
    <failure type="java.lang.AssertionError" message="Enter valid quantity">
      <![CDATA[java.lang.AssertionError: Enter valid quantity
	at Screening.Ensek.BuyGasTest.buyEnergyTest(BuyGasTest.java:60)
	at java.base/java.util.concurrent.ThreadPoolExecutor.runWorker(ThreadPoolExecutor.java:1130)
	at java.base/java.util.concurrent.ThreadPoolExecutor$Worker.run(ThreadPoolExecutor.java:630)
	at java.base/java.lang.Thread.run(Thread.java:832)
... Removed 11 stack frames]]>
    </failure>
  </testcase> <!-- buyEnergyTest -->
</testsuite> <!-- Parallel Tests -->
