<?xml version="1.0" encoding="UTF-8"?>
<!-- Generated by org.testng.reporters.JUnitXMLReporter -->
<testsuite hostname="LAPTOP-E5A8AHQ4" failures="9" tests="12" name="Test" time="24.701" errors="0" timestamp="4 Aug 2021 00:57:34 GMT">
  <testcase classname="Screening.Ensek.BuyOilTest" name="buyEnergyTest" time="0.122">
    <failure type="java.lang.AssertionError" message="Enter valid quantity">
      <![CDATA[java.lang.AssertionError: Enter valid quantity
	at Screening.Ensek.BuyOilTest.buyEnergyTest(BuyOilTest.java:46)
	at java.base/java.util.concurrent.ThreadPoolExecutor.runWorker(ThreadPoolExecutor.java:1130)
	at java.base/java.util.concurrent.ThreadPoolExecutor$Worker.run(ThreadPoolExecutor.java:630)
	at java.base/java.lang.Thread.run(Thread.java:832)
... Removed 11 stack frames]]>
    </failure>
  </testcase> <!-- buyEnergyTest -->
  <testcase classname="Screening.Ensek.BuyOilTest" name="buyEnergyTest" time="2.479"/>
  <testcase classname="Screening.Ensek.BuyOilTest" name="buyEnergyTest" time="0.122">
    <failure type="java.lang.AssertionError" message="Enter valid quantity">
      <![CDATA[java.lang.AssertionError: Enter valid quantity
	at Screening.Ensek.BuyOilTest.buyEnergyTest(BuyOilTest.java:46)
	at java.base/java.util.concurrent.ThreadPoolExecutor.runWorker(ThreadPoolExecutor.java:1130)
	at java.base/java.util.concurrent.ThreadPoolExecutor$Worker.run(ThreadPoolExecutor.java:630)
	at java.base/java.lang.Thread.run(Thread.java:832)
... Removed 11 stack frames]]>
    </failure>
  </testcase> <!-- buyEnergyTest -->
  <testcase classname="Screening.Ensek.BuyOilTest" name="buyEnergyTest" time="0.062">
    <failure type="java.lang.AssertionError" message="Enter valid quantity">
      <![CDATA[java.lang.AssertionError: Enter valid quantity
	at Screening.Ensek.BuyOilTest.buyEnergyTest(BuyOilTest.java:46)
	at java.base/java.util.concurrent.ThreadPoolExecutor.runWorker(ThreadPoolExecutor.java:1130)
	at java.base/java.util.concurrent.ThreadPoolExecutor$Worker.run(ThreadPoolExecutor.java:630)
	at java.base/java.lang.Thread.run(Thread.java:832)
... Removed 11 stack frames]]>
    </failure>
  </testcase> <!-- buyEnergyTest -->
  <testcase classname="Screening.Ensek.BuyElectricityTest" name="buyEnergyTest" time="3.108"/>
  <testcase classname="Screening.Ensek.BuyElectricityTest" name="buyEnergyTest" time="0.066">
    <failure type="java.lang.AssertionError" message="Enter valid quantity">
      <![CDATA[java.lang.AssertionError: Enter valid quantity
	at Screening.Ensek.BuyElectricityTest.buyEnergyTest(BuyElectricityTest.java:50)
	at java.base/java.util.concurrent.ThreadPoolExecutor.runWorker(ThreadPoolExecutor.java:1130)
	at java.base/java.util.concurrent.ThreadPoolExecutor$Worker.run(ThreadPoolExecutor.java:630)
	at java.base/java.lang.Thread.run(Thread.java:832)
... Removed 11 stack frames]]>
    </failure>
  </testcase> <!-- buyEnergyTest -->
  <testcase classname="Screening.Ensek.BuyElectricityTest" name="buyEnergyTest" time="0.047">
    <failure type="java.lang.AssertionError" message="Enter valid quantity">
      <![CDATA[java.lang.AssertionError: Enter valid quantity
	at Screening.Ensek.BuyElectricityTest.buyEnergyTest(BuyElectricityTest.java:50)
	at java.base/java.util.concurrent.ThreadPoolExecutor.runWorker(ThreadPoolExecutor.java:1130)
	at java.base/java.util.concurrent.ThreadPoolExecutor$Worker.run(ThreadPoolExecutor.java:630)
	at java.base/java.lang.Thread.run(Thread.java:832)
... Removed 11 stack frames]]>
    </failure>
  </testcase> <!-- buyEnergyTest -->
  <testcase classname="Screening.Ensek.BuyElectricityTest" name="buyEnergyTest" time="0.041">
    <failure type="java.lang.AssertionError" message="Enter valid quantity">
      <![CDATA[java.lang.AssertionError: Enter valid quantity
	at Screening.Ensek.BuyElectricityTest.buyEnergyTest(BuyElectricityTest.java:50)
	at java.base/java.util.concurrent.ThreadPoolExecutor.runWorker(ThreadPoolExecutor.java:1130)
	at java.base/java.util.concurrent.ThreadPoolExecutor$Worker.run(ThreadPoolExecutor.java:630)
	at java.base/java.lang.Thread.run(Thread.java:832)
... Removed 11 stack frames]]>
    </failure>
  </testcase> <!-- buyEnergyTest -->
  <testcase classname="Screening.Ensek.BuyGasTest" name="buyEnergyTest" time="3.722"/>
  <testcase classname="Screening.Ensek.BuyGasTest" name="buyEnergyTest" time="0.051">
    <failure type="java.lang.AssertionError" message="Enter valid quantity">
      <![CDATA[java.lang.AssertionError: Enter valid quantity
	at Screening.Ensek.BuyGasTest.buyEnergyTest(BuyGasTest.java:54)
	at java.base/java.util.concurrent.ThreadPoolExecutor.runWorker(ThreadPoolExecutor.java:1130)
	at java.base/java.util.concurrent.ThreadPoolExecutor$Worker.run(ThreadPoolExecutor.java:630)
	at java.base/java.lang.Thread.run(Thread.java:832)
... Removed 11 stack frames]]>
    </failure>
  </testcase> <!-- buyEnergyTest -->
  <testcase classname="Screening.Ensek.BuyGasTest" name="buyEnergyTest" time="0.02">
    <failure type="java.lang.AssertionError" message="Enter valid quantity">
      <![CDATA[java.lang.AssertionError: Enter valid quantity
	at Screening.Ensek.BuyGasTest.buyEnergyTest(BuyGasTest.java:54)
	at java.base/java.util.concurrent.ThreadPoolExecutor.runWorker(ThreadPoolExecutor.java:1130)
	at java.base/java.util.concurrent.ThreadPoolExecutor$Worker.run(ThreadPoolExecutor.java:630)
	at java.base/java.lang.Thread.run(Thread.java:832)
... Removed 11 stack frames]]>
    </failure>
  </testcase> <!-- buyEnergyTest -->
  <testcase classname="Screening.Ensek.BuyGasTest" name="buyEnergyTest" time="0.024">
    <failure type="java.lang.AssertionError" message="Enter valid quantity">
      <![CDATA[java.lang.AssertionError: Enter valid quantity
	at Screening.Ensek.BuyGasTest.buyEnergyTest(BuyGasTest.java:54)
	at java.base/java.util.concurrent.ThreadPoolExecutor.runWorker(ThreadPoolExecutor.java:1130)
	at java.base/java.util.concurrent.ThreadPoolExecutor$Worker.run(ThreadPoolExecutor.java:630)
	at java.base/java.lang.Thread.run(Thread.java:832)
... Removed 11 stack frames]]>
    </failure>
  </testcase> <!-- buyEnergyTest -->
</testsuite> <!-- Test -->
